<?xml version="1.0" encoding="UTF-8"?>
<!-- Generated by org.testng.reporters.JUnitReportReporter -->
<testsuite skipped="0" hostname="DESKTOP-VIRBGBF" name="practice.ExtractNumFromString" tests="1" failures="0" timestamp="2021-12-26T15:49:19 IST" time="9.199" errors="0">
  <testcase name="getNum" time="9.199" classname="practice.ExtractNumFromString"/>
  <system-out/>
</testsuite> <!-- practice.ExtractNumFromString -->
