<?xml version="1.0" encoding="UTF-8"?>
<!-- Generated by org.testng.reporters.JUnitReportReporter -->
<testsuite skipped="0" hostname="DESKTOP-VIRBGBF" name="practice.ParaDemo" tests="1" failures="0" timestamp="2021-12-29T11:48:20 IST" time="200.496" errors="0">
  <testcase name="getPara" time="200.496" classname="practice.ParaDemo"/>
  <system-out/>
</testsuite> <!-- practice.ParaDemo -->
