<?xml version="1.0" encoding="UTF-8"?>
<!-- Generated by org.testng.reporters.JUnitReportReporter -->
<testsuite hostname="DESKTOP-VIRBGBF" failures="0" tests="4" name="parameterFirst.ParaDemo" time="0.007" errors="0" timestamp="2021-08-24T13:40:22 IST" skipped="0">
  <testcase classname="parameterFirst.ParaDemo" name="multi" time="0.001"/>
  <system-out/>
  <testcase classname="parameterFirst.ParaDemo" name="add" time="0.002"/>
  <system-out/>
  <testcase classname="parameterFirst.ParaDemo" name="add" time="0.002"/>
  <system-out/>
  <testcase classname="parameterFirst.ParaDemo" name="multi" time="0.002"/>
  <system-out/>
</testsuite> <!-- parameterFirst.ParaDemo -->
