<?xml version="1.0" encoding="UTF-8"?>
<!-- Generated by org.testng.reporters.JUnitReportReporter -->
<testsuite hostname="DESKTOP-VIRBGBF" failures="0" tests="4" name="moreThanOne.MoreThanOne" time="0.012" errors="0" timestamp="2021-08-25T00:17:39 IST" skipped="0">
  <testcase classname="moreThanOne.MoreThanOne" name="square" time="0.001"/>
  <system-out/>
  <testcase classname="moreThanOne.MoreThanOne" name="add" time="0.009"/>
  <system-out/>
  <testcase classname="moreThanOne.MoreThanOne" name="add" time="0.001"/>
  <system-out/>
  <testcase classname="moreThanOne.MoreThanOne" name="square" time="0.001"/>
  <system-out/>
</testsuite> <!-- moreThanOne.MoreThanOne -->
