<?xml version="1.0" encoding="UTF-8"?>
<!-- Generated by org.testng.reporters.JUnitReportReporter -->
<testsuite hostname="DESKTOP-VIRBGBF" failures="0" tests="1" name="parameterFirst.DemoParameter" time="0.014" errors="0" timestamp="2021-08-23T15:50:37 IST" skipped="0">
  <testcase classname="parameterFirst.DemoParameter" name="dis" time="0.014"/>
  <system-out/>
</testsuite> <!-- parameterFirst.DemoParameter -->
