<?xml version="1.0" encoding="UTF-8"?>
<!-- Generated by org.testng.reporters.JUnitReportReporter -->
<testsuite hostname="DESKTOP-VIRBGBF" failures="0" tests="2" name="parameterFirst.DataPro" time="0.003" errors="0" timestamp="2021-08-24T13:40:22 IST" skipped="0">
  <testcase classname="parameterFirst.DataPro" name="msg" time="0.002"/>
  <system-out/>
  <testcase classname="parameterFirst.DataPro" name="msg" time="0.001"/>
  <system-out/>
</testsuite> <!-- parameterFirst.DataPro -->
