<?xml version="1.0" encoding="UTF-8"?>
<!-- Generated by org.testng.reporters.JUnitReportReporter -->
<testsuite hostname="DESKTOP-VIRBGBF" failures="0" tests="2" name="parameterFirst.Flipkart" time="0.012" errors="0" timestamp="2021-08-24T13:43:55 IST" skipped="0">
  <testcase classname="parameterFirst.Flipkart" name="dis" time="0.002"/>
  <system-out/>
  <testcase classname="parameterFirst.Flipkart" name="dis" time="0.010"/>
  <system-out/>
</testsuite> <!-- parameterFirst.Flipkart -->
