<?xml version="1.0" encoding="UTF-8"?>
<!-- Generated by org.testng.reporters.JUnitReportReporter -->
<testsuite skipped="0" hostname="DESKTOP-VIRBGBF" name="practice.Apace" tests="1" failures="0" timestamp="2021-12-30T20:22:55 IST" time="1.023" errors="0">
  <testcase name="getData" time="1.023" classname="practice.Apace"/>
  <system-out/>
</testsuite> <!-- practice.Apace -->
